<?xml version="1.0" encoding="UTF-8"?>
<testng-results ignored="0" total="1" passed="1" failed="0" skipped="0">
  <reporter-output>
  </reporter-output>
  <suite started-at="2022-03-16T09:25:41 IST" name="Default suite" finished-at="2022-03-16T09:25:42 IST" duration-ms="246">
    <groups>
    </groups>
    <test started-at="2022-03-16T09:25:41 IST" name="Default test" finished-at="2022-03-16T09:25:42 IST" duration-ms="246">
      <class name="CreateContactTest.PracticePrameterTest">
        <test-method signature="Practice()[pri:0, instance:CreateContactTest.PracticePrameterTest@59af0466]" started-at="2022-03-16T09:25:42 IST" name="Practice" finished-at="2022-03-16T09:25:42 IST" duration-ms="94" status="PASS">
          <reporter-output>
          </reporter-output>
        </test-method> <!-- Practice -->
      </class> <!-- CreateContactTest.PracticePrameterTest -->
    </test> <!-- Default test -->
  </suite> <!-- Default suite -->
</testng-results>
